<?xml version="1.0" encoding="UTF-8"?>
<!-- Generated by org.testng.reporters.JUnitXMLReporter -->
<testsuite ignored="0" hostname="Shree" failures="0" tests="3" name="Default test" time="7.538" errors="0" timestamp="2025-06-20T15:27:46 IST">
  <testcase classname="tests.BaseTest" name="loginToGitHub" time="2.769"/>
  <testcase classname="tests.BaseTest" name="navigateToUserProfile" time="0.268"/>
  <testcase classname="tests.BaseTest" name="validateLoggedinUserName" time="1.638"/>
</testsuite> <!-- Default test -->
