<?xml version="1.0" encoding="UTF-8"?>
<testng-results ignored="0" total="3" passed="3" failed="0" skipped="0">
  <reporter-output>
  </reporter-output>
  <suite started-at="2025-06-20T15:27:38 IST" name="Default suite" finished-at="2025-06-20T15:27:46 IST" duration-ms="7538">
    <groups>
    </groups>
    <test started-at="2025-06-20T15:27:38 IST" name="Default test" finished-at="2025-06-20T15:27:46 IST" duration-ms="7538">
      <class name="tests.BaseTest">
        <test-method is-config="true" signature="launchBrowserAndInitialization()[pri:0, instance:tests.BaseTest@56620197]" started-at="2025-06-20T15:27:38 IST" name="launchBrowserAndInitialization" finished-at="2025-06-20T15:27:41 IST" duration-ms="2828" status="PASS">
          <reporter-output>
          </reporter-output>
        </test-method> <!-- launchBrowserAndInitialization -->
        <test-method signature="loginToGitHub()[pri:1, instance:tests.BaseTest@56620197]" started-at="2025-06-20T15:27:41 IST" name="loginToGitHub" finished-at="2025-06-20T15:27:44 IST" duration-ms="2769" status="PASS">
          <reporter-output>
          </reporter-output>
        </test-method> <!-- loginToGitHub -->
        <test-method signature="navigateToUserProfile()[pri:2, instance:tests.BaseTest@56620197]" started-at="2025-06-20T15:27:44 IST" name="navigateToUserProfile" finished-at="2025-06-20T15:27:44 IST" duration-ms="268" status="PASS">
          <reporter-output>
          </reporter-output>
        </test-method> <!-- navigateToUserProfile -->
        <test-method signature="validateLoggedinUserName()[pri:3, instance:tests.BaseTest@56620197]" started-at="2025-06-20T15:27:44 IST" name="validateLoggedinUserName" finished-at="2025-06-20T15:27:46 IST" duration-ms="1638" status="PASS">
          <reporter-output>
          </reporter-output>
        </test-method> <!-- validateLoggedinUserName -->
      </class> <!-- tests.BaseTest -->
    </test> <!-- Default test -->
  </suite> <!-- Default suite -->
</testng-results>
